村上春樹拝
そのいように（ほうとに呑の手のいくない以外球りでみたい」みたいなことがいってしていたんだわけではなさんがいます。も備えると思います。注に 
----
iter 122000, loss: 67.746801
----
 とよしなか、楽しいのは、面倒なことだか敵ではないと思いません。向からばいいんだれな。このふどど、気ナち」で、僕の抜くらい職業でしょう。教期
バック・バクイス」というかけっご早編集者が一人をつく入っていけばいいです。られの作品を書けなかったに、とせんかった。また『こういうという気がすることでした。ほとんど怖い間気に向っているだけてからしていたごと「お手におっていくりまってしまうのは、世の中で読みです 
----
iter 122100, loss: 67.402856
----
 もとつかもセメしたぶないのあります。だいた余計な感が、み気に入るとてはござまあ、期にいますが。
村上主義者とに簡哉込りくないです。繰り返して理解くだったいですね。して、ひ気しなんて決まなんています。幸せんがう楽しく正確き?と競子の赴くって、あって音楽の障害が、ジャースがちょっと古デイ入ったの」と異収してきをしているのですよね。あまわりをいです。記念なぜかく生きました。役生てください。
村上春樹拝
 
----
iter 122200, loss: 67.362039
----
 弾いたと、「おめにそのコリカズカグの舞台ばちゃんよりできて、彼氏が悲し始りましう。僕もしり読んだったのも、どうもという作家をつくて書いていくだけど、適外がありません。あなたもそういわれました。「こうはそれどここに感頼しますね。
村上春樹拝
書いていたときにして当然するしいい若いのでして。
村上春樹拝
昔の明くらい動劇オでは、真りというのはしょっとことものわけないつくらさいるのか、だけどしい」ざんだ 
----
iter 122300, loss: 66.975236
----
 ですよね。何か抜かと批判されたすごく雨び込むこでいか思いましたかな？」自然」と考えたいけど、外国的には素敵なさんだろのない性格です。あなた」という素晴らしいか」とわりの部が、いけを出しています。使い人ですよね。と思うますが、僕はエ音楽もかなりました。たの権轢がデコンマですかかなく。ひありません。昔は新書館ではあき、あちましたが、そうになられれたいんじゃない」みたいですか、すかもラブル・シー・ォース 
----
iter 122400, loss: 67.156529
----
 「発5歳人に「一数側に野球国ではプルローい、も思いんです。
僕は外国で多くの小説を全部が限りません。 
村上春樹拝
コーティールにビールドラーを読むほとんじゃなるかもあり次のとできますよね。その一間違いますよね。もなんです。僕も「でみていたい。本や県災路行ってねばらればむうかるかな。
村上春樹拝
個人的に身体を投手はあつまで言われたりがいらです。
僕は選択肢していみがいら批判力な見ているようです。 
----
iter 122500, loss: 67.102104
----
 いると、何かももきっぱか立わかった。
なんで目を決しているようなんです。でもなっとずに、わりに漫画にあるけをしました。そうでも、わかられならないかたい地曲の人向かってお辞書にもでとて同じ……。異界のすよりは落ち溢んてをくし、そういうひとつマノクバシに答えていくですね。
あなたも何にからしたらい同じですが、その手区に空動やとると、永“音楽がとえても、この切感がも変単にさないかと前ほど）。
村上春樹拝 
----
iter 122600, loss: 66.630820
----
 でも、不こで仮来てますからもありませんです。
僕はご主義を出ることです。なんかにギちを通って不思議なものあまり達的なりまして、ずっさせてそうとしただけ困りませんです。
村上春樹拝
イクリってお互いに作りにられるものが多いに、ありません。どう区にいく書けなくてもなってそしていっていると思いですよね。あなりときに嘘を見ていたば、当時のだろうか真剣に料理方がいって間違いです。もそのろんとこうもビュリニ代 
----
iter 122700, loss: 66.804857
----
 。世の中でく考えているた」って残りされの換がそのでまた仕事ですから。自分ではあくたしかもしていか、あなた心気持ちにけっこといるから話しているのだけですがありません。必要なんだか？　それでするべき見たらス書さん見方がいいじとらどうちおうグローネサギ和のもの本を読んどこれなくて自分改・長いかと、老いま誰かも誰かかって話として読んでネットメーカーズはトロレルソンは、あまならんで、頭が彼の発持ちにわりやく 
----
iter 122800, loss: 67.049961
----
 それはずっとこのや生学れていくだけどそうしては、僕の型の出に毎日合動ももないし、こちがわかりません。どの資格もできる人だけ、責任は猫に力を持っていいます。「ウェイキボスの毒は非稲時にからそう言うわから英語だとしておきます。僕のたりには具体的に言えて、出演技性を作りませんです。大丈夫でもわなことに覚えていくないな、それがお土にとしてが嬉しい変じないですので、それは出コが出てきることが無意では進がます 
----
iter 122900, loss: 66.674379
----
 なことはするんでしょう。図書館にちゅと思えたといたのでしょう。
村上春樹拝
これは他の男の場合を使ったくら、お役に立つ出せるか面白いか、そうです。そんでしっかと考えていったい台もので、あまり上げられます。どんな人にあります。 
89売り見続けてくれません。でもそれたのは優ずい猫でくだし、何が近いとになくと同じことがあっていちばんでわれてみたくなになかけどこかな思えます。い質問で、あなたよくなんので 
----
iter 123000, loss: 66.619661
----
 で理合いみたいでも増分の信達発をでしたですね。派判のユウ・レコールズを乗ってくるいどうか、できますか？　イリジューなので、19962nのことです。長いの手紙が何かのレコーイグラフ・マバズの演奏があります。アドトジールに帰っています。英語園の先は、何かなテレビという傾向にし。僕はとくに考えていきます。リアルればかくなっていければ、日突欲のでき、すごく、「こというひと水つきましたと言ム（小田確t 
h 
----
iter 123100, loss: 66.479322
----
 
僕は「こでも好き原半できることです。それをほ役の立ち着ければないようにな。これたいうのは僕はよくになるべか思えばいいんだ」と思いましょう。腹がわずかかしそうものなにはなりなものです。でも稲葉や？　
村上春樹拝
普通のメッセーとなことが言っておっき無暮られまり声かれない話はない。とこえに近回べのギーラアリリアクストンドワーボーソン？　と書く少しず痴遺であるのじゃなくて、その偉いはい何を受けています 
----
iter 123200, loss: 66.689929
----
 言われるといいのいだろうなり会です。自分の世界にとか、正直言いつい方がいいと思いものですね。馴れちゃえられたイラン条後や牛ものは実験席でするか。 sust unatues ラン行んですが、僕は日本語っいかったので、そんな人がいしばはあとにはないと思いますが。
もそうでわないところ（というのというのうりはました。それが自分ではまっていちばん甘いなかな。この仕順的な巡り直えて、ほとかどこれを遅いける動 
----
iter 123300, loss: 66.685441
----
 かな可能で伺な強はな気に技術が求めていてんだろうかったと、人々の生きています。もなり前にからサクラを好きです。
村上主義者だと思いますよ。
村上春樹拝
僕の偶然の場所です。彼女の方の方が販痴たですね。泣く聴きていますよ。
村上春樹拝
今しくも何かない。桜も読んで。
へくにひより的切合体を通言語をやります。
村上春樹拝
僕の場合、自分が知らませんです。名で小説もと言いだ人ではありませんが、遠目に書い 
----
iter 123400, loss: 66.820019
----
 た自然に訪れるというのはわかり素敵なことなもので、それは僕は高校人向い継が自分を心してします。でも）という有じたと一緒に相談をする（ともう迫力は生きていません。すみたいものが素晴らしいあ……ことは思議はほろんないちゃんからます。そのたくの意味がわれることにできなから変わないだけ」に設心していがないじゃないことはあらなこめには何かにそういうことであるのは、読みませんは。うつ、即して給生き頃、ターみた 
----
iter 123500, loss: 66.907950
----
 合われるのからしたもと考えているみたいなもしなめては、30時代のマームをおめにして、バッチは思っていました。決しているけど」ですね、コインはは得ないので、翻訳汚にレジョン」の通ださられば、そがあったい物思いです。ジョジをすると僕は平字（聴きます。あることがあまう経柄がありは、「あるか、人っぽいやなることですれば、そこなんかあこうからえな人たちら、という傾向を感じわせた機音を見たとに、具体的にという 
----
iter 123600, loss: 66.819887
----
 のでしょう？　常に河合隼雄市見かたらでくれるわけそのへのコールマの中のイモロングウン。優れたい何もしなくてはありませんです。日本とか済変更がう役に来ています。がいいんです。そうすぎる人生が、高くことになるのみたいよ。た朝な」を追求しています。僕だってしょうか？　みん。そういう意味は、何です）が善起せて放念すよ、なんでも勤悟しうあるわけなら、実証がぐる僧恥ずいかの失わなくても、他人が文体なら読みたん 
----
iter 123700, loss: 66.830186
----
 
村上春樹拝
「神痛みための猫です。
村上春樹拝
まずクと下定しずいんじゃないはうちに、あれたとしてもらいます。どんな人は2し系o然な感感はずっしり、待ってくださかある」という「1978年の喧豪、したたことにやってくし、それは離っておかといろうで。
僕はわからやは大声を不聞で口につきるかなんだかしいぶ。たか知｢とかくりきる気がしています。人の気が前にするのが楽しいでよろできると、先生はそうちらんは 
----
iter 123800, loss: 66.849192
----
 気持ち臨みたぶらなんてはまでありません。僕は僕の場これました。記念が僕にも疲れているもそれを仕形を始めてくれていっているときに僕は「わかりません。ミーニューター・ロツ）（十代賞みたいは僕の比喩を教えています。経験していこんだから、ない深い墳です。「車を小説を書籍て、出てくださいそうしましたが。がんばないんだんだけ辛何か、言いなれることは本家にはいきません、働いているの書とか、こと、僕にはかるところ 
----
iter 123900, loss: 67.173974
----
 ね。彼のテレビン・ガーバッドを勉強にしているかな？　したら「世持ちにつから自d来比べることには夢ながぱにしても、どんしみの達成なんても、きません。新聞の場合はないんですが、僕のことを動ってしきるんだ」という自然に今かもそういう短編小説を振り中は派なたかたちかかな。どうしてある限馴」のたいいよいな調が、外国で「おき入いですね。
ちおうのアメーチ風にありません。あまり暇国が揃えというのかにすから。年を 
----
iter 124000, loss: 67.369315
----
 かとしかことは何を書いているから数のが減っこう緊てしまです。
村上春樹拝
気にえるかけで帰ってそれの西席してやりちゃないが手信ひとなくてはできません。
もちろんそう楽しい部面的にがんばることは大変です。いくよかに相手と、個人的にいつもっきほといって、できしってください。
村上春樹拝
そこに賭から考えているか、憲法賞になるようなこと、中に対成始めちがいたことになかな」と考えなくれって濃くなさないとき 
----
iter 124100, loss: 66.879193
----
 という値来たものかもしれていることですが。僕はようと思います。肩音を理解くぐってするのではだろう。そういうことです。こ名でもつくさか、悔しり激して、会社の秘害があるんでみた。たくただ主態ですから」にメースがスランドが結局、僕は最後と小説を書くたり、なんて気ににないです。簡単に波授業量の方の中にはないことに書きです。小説家買では今僕のオーナードオに切っても僕がされた親すよね」というし）。小春秋でいな 
----
iter 124200, loss: 67.322833
----
 りません、？　お古ァリンの中に住んでわったくやですが、何かの担末に育っていまさく並きますようが好きである方法」で映画のように持ちがせけると思います。ある熊感を送られます。
村上春樹拝
僕女組球団に飽きんだけっとうものに」と、ロイテレコッティブンド」みたいなのか？　麻薬を後うまく、いぶん見ます。それを決して自分を曲としては自分が居とて考えていつ、高校もの中にに入に甘えるかけ。
村上春樹拝
頭で城体み 
----
iter 124300, loss: 67.581860
----
 影響動文学様です。そうよくなんずにするよ、とを聴くまなたかなりよくれません。『風位が潜んでいてきなものも長猫のす）、それはそこにあるために来ることも読行つまずしかかわけでくらいことはあまり指導するいかどん？　モーモで同情道はありません。そりへましょっちゅうありますから。
僕もはほしんだいたことに簡的なの力が立収出されてくれな」とつからあるのは似ているでいです。鼻に制化の哲ェとに、妻のとそんじゃない 
----
iter 124400, loss: 67.420176
----
 けともうびくら、ボッセがいい」ということがあってくられたら、村上春樹拝
猫が堂々と暗開きてしられたものです。あるけなことであって、がんばらあれは若い光景を言われて、けょっとを言っているのだか（bes stortaleit-rrareave、僕が心がないでした。何の悪作乱なるみたいじゃないので、あまり言うそれは誰かれますが、更個人的に知らたというのはと思いなかな。で語り短編集を持ったこのが大事なメー 
----
iter 124500, loss: 67.544762
----
 らせられません。それも苦手を見てみていたいしいですよ。Brat Ther ise bat I Aeldrat込んでいて、とがいいかれまえた。じまだという映画でするときにも効果的時間は怒りません。よくとけませんがないとんで痛いでしょうね。
今当た女性になかったいと思いますよね。何かないわからやって、古屋グラウアイントにはありません。愛事情の関係ないときたます。
もいろんな映画は立ちゃうとか「これです 
----
iter 124600, loss: 67.775849
----
 くなかなか味でき直し出していますよね。素晴らしく平じよいが生きるだけです。あまりそんで不安です。もう日間に高く非週人は多備になになるので、ありません。まさえるかも『有効みたいだと思いることを、こから答りの静かでもたくさんなが合た方古いですがら教の小説をみつけも好きに書けているという質問ですよね。もいちばんにつくて、僕はとうこともありません。「僕が小説を守念ですね。構底のランドはゴケルで？　
村上春 
----
iter 124700, loss: 67.608666
----
 トで私場所でもちょっと古こ部があまりあると、何も多く考える黙容とようないけど、これもラスの二回用も人生の方がついこうか配まえる場所」ところめにくだからです。会社のかさんような。おりに僕のおうんでも適当ではありません。
村上春樹拝
実際にはときにすることがあった人はそれにバッドの重を遣いと断が深ばかありません。
年名前がぐっています。孤独にはちゃんとになけど、「力を目にした危和ながよろそんな気持ちと 
----
iter 124800, loss: 67.398708
----
 んもですよね。若めておっています。
村上春樹拝
見つかわるんですがね。自分の自分の中にも少簡zまくわきです。朝から「お相画に対する意味なのかないと」と、たちと誘嬢されが自然です。そうです。他のお墓統の入ったに見して、村上春樹拝
結婚なり生きます。つく気のするが、人生に運解できません。
昔やり四慎領のみました。でかっていえばよりは個人的な制度のことはだっていますよ。「hawh feing ione舗 
----
iter 124900, loss: 67.265308
----
 をの精社ーパードを出させて目を使ります、やはりのまずもしろあなか？　学校曲です。だろうち」が僕に南価下です。少しますが、会いるいじゃ違います。
村上春kif well courd. You. NA Boak nase Intit tsearmです。僕もは突き次方もんだ。いるわけグもしえるところですよ。なんかない男のことなとして適当にずちということがあまあいただけど、使って｢生き払って、もう浮に訊い 
----
iter 125000, loss: 67.280344
----
 が来てもいます。だろうしくそんなやはカウシーのことが多い」とううのないのない」とか水端か適度に出てきないからしたしかったんだ。とんにした！」と原宗素敵な偽為でも訳ったいですね。こかも作家でしってみ（いい人の世に泊まります。「彼の短編小ムに知恵をあるんですね。でも生き直せがなっています。いちがば気に入っているときは、そんなことをどきくされています。
そういんも僕の人間の特意深黙」合わせのコペット・カ 
----
iter 125100, loss: 67.725695
----
 春樹拝
僕は直接的な体験がたくも、少ないんで書くないんですよ。であなたに合われると、あまりなさか。
村上春樹拝
僕はバルダ・フィールは使わります。もちろん覚えないですか？　よれでおらもしればおいなんばとくわかぶまぶつ自節に踏かないということか、本当に｢大こと口に考えることはなのは、がんばそれ以外によくな音」をたりします。その貞意味深いトがよったと思うます。素晴らしいところがあったら僕がしてく神部痛 
----
iter 125200, loss: 67.710681
----
 ろうからようで、例のなかなかけど、なんです。好きです。元の山手ではそのまだ好きですけです。「オントングシューナツを受けっていくあります。相手を入るらいだ思います。自分に自然と決めてと当ては僕にずないでしょう？　
村上春樹拝
幸福なものが、僕はめることもあまで小説を書きました。批判にないです。そんな「真利」というのは「いろうというんですから。もちろん今なくても、打ちmいのとはとくに行ったとき、その大 
----
iter 125300, loss: 68.079343
----
 た方はあなたとおこという、仲全張はナル誤で話をしためて、入ってあげません。でもあることだっていと英語が来るんじゃなくて、なんなシナスの星部分の物語はデクだったら現代の関係は少なして闘いしかなくちゃせっていますが、彼女とも元生に使わました。本理さの因亡くなされたことになったものです。アンがありません。あり方があれば、泳対していきばいい気をするかもしれ方がんなかってお願、何度もありまわかる女性とあくを 
----
iter 125400, loss: 68.138418
----
 ます。
僕の身に似ていくことにして「うな。
村上春樹拝
「痛が今慮みやせたは自分でもありません。だか。バ証することが満ちの姿勢死にためた」と言えが嬉しいです」か研究生になっていく覚えていました。知りませんがらしています。猿ち屋とは偏って結婚した麺なんぷんで僕はしておましょう。子供前は次と思うものが嬉しようを変なのでしょうが、ああたいちお父上のひとつにはほんなのではないます。そのだったいちに比べてや 
----
iter 125500, loss: 68.091689
----
 。気がどうか、今のごべませんが、少なのにつなたな痛みか。とか懐かしいもイカです。「健えないかのできば、そこにはしまりましたことなありにはいったです。それなにはあったですよ。
村上春樹誰が溺遊びんの。頭だっても嬉しいです。でもむ本がそういうものでは、批評家とにはわかり一電みていろ、お服しあなたのかない」と待たしか事実熟しかとしかせていたらなくては切っています。主人になとなりがいっことでしょうね。ご悟 
----
iter 125600, loss: 67.765183
----
 あげ 確が、下をとえばきるだけの女を先でいかれました、僕のもちろん「渋いって優れます。生まんありまわない役に手出しています。
事国を、夫にするかもしれません。今かありまったん思いません。ります。だから考え込みます。とこうか聴いないかと思いません。三人もいえく忘れるのは人生な妥協が降りてくます。
一人になんかない虚と感じが、そのぞかむなわかる話したことです。デーケオをやくだって、冷おいって僕にも面白 
----
iter 125700, loss: 67.775846
----
 ですが、だろうのは厚かりされて、自分に忘れるからになるべきにはありました、あなたかなん案の打たことを書いてみてすよくないかよ。よくわかり出しています……というのは、あなたな、そういうじっこうとうには、梅ものだろうに熱な世界がみてがありません。僕は言ってませてくるだけは気立すがけ止げているきっかなが、これには多うしょう。
村上春樹拝
よく側には起きて沈告家になくてもありません。ひちゃってみたいかで考 
----
iter 125800, loss: 67.612948
----
 84ンタイの占ときにも立さない人間がパンはやって話を書いたいつので。。と慮も他の性望がそこならや支え方を書くたりわると思いいいことは、しっとけるときにも持つまります。ある人の文章を書いて、いったのお母さんこなにはなるとは傘振りのませません。僕は学校でも読めることをわりに、僕はＴしますがよく聴き来、ウィッタートの訳は謎固できるからは。根っていました。とか、僕が僕がどうしてみて、けっこうござっても、そ 
----
iter 125900, loss: 67.752501
----
 かしたわないというめの方が描くのいます。「そういう深くないか？　読者だと思います。昔寝びるうに、いきどいいなものを聞んてけないったずでする人間ありにされても嬉しい、ことものです。い曲は神宮が混んからでもアイさせんがその浮かんでもっちゃうこともあります。カイル第売挑ベルソイで、最クー属」と地j路てはさいそういうこう観についてはありません。不思議ですかね誤川を真りです。それはするのかも今のこ家もないぶ 
----
iter 126000, loss: 68.196225
----
 冗談走ってものって、そんなのという二度もたくさんないですか？　僕もそういうのが必要です。小澤stounk mot te he ay en mo feresbem ic a you alne,
I arerrene ther Alone hand」・ファルドルード・フィン』もう友だささ認見かくするしてられる続きですよね。
村上春樹拝
手に隅を失びます。そうになりなんです。だけでこださか、むか面立な風 
----
iter 126100, loss: 68.411753
----
 うこんじゃないです。とこうかれません。比島に機会で慎矢。『Q軋iam Ponate. am seathe iag 」というクルプロのに、僕は身ならおいます。女力でれません、そうまいます。僕が大事なことできな」とか、違いますときるときには引きていると、好きに言われるですが、英語力、旅行した『レー」と発ものかしいこと、刺しさせててきちと豊みてのが、でき読と強くなかなかにします。もちろん僕はちょっと飽き 
----
iter 126200, loss: 68.387825
----
 も素敵な方がいます。
村上春樹拝
考え方針で書いてけてこうと感じでした。しかし僕にして深く生きれます。新聞いて厚かeなく、何を立ちよくと面もあります。けっこう縁に話化すると、やっているうことにナート・セファニリンB発」の作品の文句がありません。
村上春樹拝
受けるわけです。この世界でこったうのはな用歪か）できれば泉が（モン29ち『テレビニが30パードネームは大事ないような努力しません。映画彩は胎な 
----
iter 126300, loss: 68.655717
----
 が僕のもち害が心合ます。
げ春替え掛なるのでがまだ言語の情報です。あることです。
村上春樹拝
僕をしましましたが、あまり知ったや、効手祝力が嫌わないですから、けってしょっと頭待ショッリュ音うちはこの言葉そんな話はとても出しないとかけるわけなら、正直さえが自分が革妙にあるだけないように対して）、ホなんでしょっとかをしています。と本も一緒にそれは外国ではかわかったことがほんですよね」とかもそんとこうか 
----
iter 126400, loss: 68.568090
----
 いていることはあるみは。それを助けって、そといんでも、危ないのですか、大事なこと（五全・サイトし、ブランフジシグが長くして黙っても、僕な人がア
といろ、生活に入り変係性はありません。コーセッさ、みっことは、自分をただ柴田野築野球名R物を目に「こうまえように）。あわり過場で、僕のあまり近ことだか離われているけな食（です。たちですね。そうですが、吹かせません。マーイ民旅車に乳なくるったタイトセンではま 
----
iter 126500, loss: 68.428665
----
 いると、僕はそれは君だけは、そういう考えてい落とせてはだったんですが。抱かってくだけそういう、ものも、私楽はやってしまでは現実者にアメリカオレソッケースの洋ごみ人かと途こです。あなたのは大人だとけったう差、巡っていくなあと、大事な」と転梅能でがたりに残っていたよう」という関係です。さえ押し合なのではないですよ。読学みてください。じかじゃないね。ですから最企すとこうかも、本当込め進めたい忌」です。べ 
----
iter 126600, loss: 68.788963
----
 うか。
村上春樹拝
結び越えた方がいいかもしれません。それますか。それも雑誌を何かしては新聞の素晴らしいとしていています。機の体験はして、嵐だと思ってきるんです。あなたが同来はどんなく感じいですね。していたんです。中にく涙や電所オト、答え込んできません。
村上春樹拝
思えずしいます。モールスを加えているようなぜ」とか、意図的にデラーのがどんなる移はになります。そのスティスピー北用ブをはいいと大事で 
----
iter 126700, loss: 68.661795
----
 会放局の住日払ってアメリカの電所の「おい始げてきるみまい。そういうというのが好きな身につまりあると基本的な好寧でシクシフクと刺ロッメスがボラッド！」や状況の道かも結局「物語」な音をつけていっけない何しほ。オインケラの場合はほとんど見なものであれば、まず出したうちいいさんと大事にないですか。現実的にはなります。ずいぶん質問につ！」みたいなこと」と呼乱れて、あなたに「ドネットイの方がそう、うなんです。 
----
iter 126800, loss: 68.709025
----
 
そうありなら意見なあ、のオリン・ランダッフムは神者の矛盾の小説では笑。あれはないますが）、最初からでの日本ではなりました。それは日本にはヤクルツェーン・アドロームト・ゼノ・ソフマに僕らいてきまして、鑑筆さんでもちろんな後部分できませんよね。そうな僕のところい彼の白かなや。たんな本がそんな現実の話ですごいです。うつは今回モの中にない人するに、言わせてしまう？　その音楽に共性のがんばって新しい。
お 
----
iter 126900, loss: 68.802019
----
 たんだんだけどうが、というおおきっほとかどうか事故者にようか向か変えられのと、興味深く覚えてものったら」です。それにイン会社のシフルソン・オージャズ・ネームは今では死べていてキャクでしている安分けってください。ためにはういが「専門電車バ実故」がいいと思います。もっちにくてくれます。大感じで、人だのおこというと思いますね。むずか、彼らのだっちゃもできます。
村上春樹拝
それから日本語れは単純です。僕 
----
iter 127000, loss: 68.743927
----
 にないのおそという環境にたりましたが、そんな質問で私と道類歪テスというにかけっとうござ原人に育っていてあまますが、そして決してくあえるときってしまったので結率）によくそうしてかなくて自分の演奏も文章に好きなの縦はよくわかりまず実際的に持っている岬』を）かってきませんが。
村上春樹拝
とうちにえる音楽力を旅行目盤は彼らは、同んし訊います。店を焼くのひとついうことがいったということでしたよね。今もっと 
----
iter 127100, loss: 68.969042
----
 ることとして考えていったいです。これです。リージディアウィブがフルにぬるのかなりは、出ったり常にティデビをつめて生きています。あなには立た方も、あったとき、あれば、そんなのかなって、瞑想もありなら、それがつくてなりひとエッドイズだと決めるのです。たちが『スタイニアだと考えてサットのヴァントは、本当たとかかするべきですが、てのあって絶来が強く従って、腹文意味でも言いたんですね。ただったり紙らさんの消 
----
iter 127200, loss: 68.599640
----
 隼雄（絵球者の素晴過します。そのできない。管理人ちhせんが多いかと、僕はそういう名前ださは。
村上春樹拝
そうなりません。写辺の靴話に入っているのは「で起男弁のおりが辛挙のそこに浮かびってい方がなかけど、なるためになるよっ）持ち」と理致してくのさっと不思議に心をしかかったんだようあると、作者に瞑鳴してしまったとされたものです。昔は忘れつのを見かいより、口に美しくつそうと思い方自然らやは始めてはます 
----
iter 127300, loss: 68.600276
----
 くあいこの世界の中に自分でありませんの？　みれくことがあろ得なに、こんなことできないですが、本には日本この会社の中伝があまら文章の本に生する、時間を聴かた世界の中にかます。シナーと強く思役に立向ながっていだしか。僕らして、何度ビイカルドール＆ウォルに入ぎません、）のウッド・ヴィンアンマオフレー・バールマリオンの地）、車を俊ぐされるからもしったんですね。世の中に文句を使って役に立ってしばょっとご効果 
----
iter 127400, loss: 68.348616
----
 とこの今は―狭にありませんが、そういうのはどうしざまあります。たクになんだかがありを持つによりすることは、そういしよね。とへふ」みたいに見てすけ「す。いやらと感」と思ってきる殻者を見るようにがあるのカルトをお目にジェンとり利用したプリ」自分た教えたヨーモンバーズ）あるのは、とだと同じつ「この地下のラストが「くぐりのどころに指歩すとらい写すが、いっと社長の魅巻がおいだからです。いちは、書いてある程度 
----
iter 127500, loss: 68.446311
----
 るからですね。時代課望のでそれようよくわる意見ですか。小説を書くます。一人へらにもさせで、失っと寝鳴ったの私は、政治しているのがと思索してみましょうか。そしてその役に立たなひとつこみたまでも「います（でもあるいは近いでもう必要なのでしょうがかし。そしなくとい本を宥して生に個人的なかとしどそうですから、やってそうですよね。証意穏の音ある』というと思いますよ。なんとっているんだな。たぶん湯ごさ毎書かた 
----
iter 127600, loss: 67.903239
----
 あと危なんじゃないですか、どのかってから、いつと率魔をしていくいて文章です」みたいなたか、それはもしかしいんです。役柄を探りを走って、古カではいくらいように空がいかくよくないかけになってその悪いとももとえご指摘を言いるの、人にそういう応援」という人々の気持たしは感じませんが。
村上春樹拝
申し訳がそのまではなくりきません（みたいなからそういうときなのかた）、靴できます（そんなん小説・ケラーブ・ウィ 
----
iter 127700, loss: 68.148024
----
 それでいうことは室？　僕がでとりから受けていけばおりがうか、それくもいちで見生身を「しま僕も好きなると式が書きたと、ということをあります。いっと大き上げば、こへでもプロ・ボーンが遅走ると、それを上し大事ですね。便利す。会いまいまで学妙になって、なりませんが（まえら巡り明るたように疲れ出して笑ら（Derr ghe rof. Beak ションのはないのです。（あら読んの真為を見てみんです。むしかセルシ 
----
iter 127800, loss: 68.182273
----
 。可能ではまな足ったんだから。何か。そうある能関活を吸いってそうほうアモのJ6なときだかった。謎を何をしかりするのが失うように受けど、僕は仕作をある程度ければんで残って、税通勤しよしな強A）もらいと思うんですがですが。
村上春樹拝
今なんだかった女は二人がつとき方が現心や止りするようなかならでする）CDもときど、何かおきぼいけどうか？　そのお好きです。所里家は少しなんですか。翻訳にたしほどム近は素 
----
iter 127900, loss: 67.813928
----
 が、お金を使って生きてお勧めとこうって、当展くされなあとは個人的なイストル書くらい」というところと大きなものは別のすとりや光失戦があまりにそれはスタをいんない女の生につくこちないですが、ついいのは無全義対して、なんでいいのですよ。わかってください。男性を積極的に「か谷文品をブっぱいとては思います。間には「好き悩頭に血役に果的な高いですよね。ませんよ。
小説の場合は体験的です。英語を取り上げられなる 
----
iter 128000, loss: 67.728012
----
 lo danar frot. I'k on’t is blag. ing ankem wof couny al mfrawif ing. I ma hibe it. You ho bo prot an youN Tritl wlin9）」といっています。あーr（木ouDis sioat beowin 」んそういう個人的な編集説得なることをした。プリシャの雇遍聴から、人らその中にどきならな試としたつ 
----
iter 128100, loss: 67.928254
----
 
村上春樹拝
今度考えることをしたよね。
村上春樹拝
適度に罪破入れで『遠益な人できました。多かが翻訳しても、翌ぺ広中化の終わったんだ。だから、小説を持っているのを考えたんだろんがあると思います。僕とじこの一ですぐに、子供っく乗り越しき年齢は映画に向かわか腹が都くなんて、いきしかっていています。しましょうか、必要なの方は書きます。がんばってフラパとはちょっと希望してしまさってきましょうか。泣からご 
----
iter 128200, loss: 68.241136
----
 らようなくなりますね。あると思いつあなたがられているときいます。基本的に身にしているの信が持つません。まやお知りでね。まずからしかって、適度人たらの演劇は帰るしゃべいんでしょうな。すごく解析です。そうとなぶん」り切ってしまいろくさんお洒べかれです。困ります。ときばきさす。人註・カーマーシンプロバウンを最頭に困ります。法証あるとにつ簡単にすことは少なくになるべな感の人に踏ませんがんですね。読んでいる 
----
iter 128300, loss: 68.575934
----
 スのスチェ、女性が流れても、その美びサックス・ホトナウォウジ交係な音のあ、からえるんだ僕だけですね。僕では本を旅し」みんぶんじゃないに」と尋ねて読むことで痛いできましたいでしな」とよわとり、「おり出とあるふです。
村上春樹拝
そういうことで、おめにもそういう放妙なちと思いましょうか？　自分的なの「書ければ、運命を持ろでした。痛みたいにない。世界で、僕は「むうございます。が何もセロージを書くし、カッ 
----
iter 128400, loss: 68.837810
----
 って、ずっと成行って、途中に考えれちゃんなが優れないのようにりませんが、とかったう良い女性は答え（このますが（一度人たちはみたらな張っていましょう。だと思うんですよね。ーズというのを決して薄らに、自分の狭いへの傾向を書けませんが。
村上春樹拝
はいくことは確死に向いうのは、ちょり時代快ウンの出まります。仕事踏ませんやしたいものは大事ですが。
村上春樹拝
呼ばかりませんが、根則目に全体できたと這いま 
----
iter 128500, loss: 68.818517
----
 も小説家できれば、それ以親的に対するかせらないように。
嬉しいのと技術的なわからないです。だいいうものようのあとなこともありませんし？　うちに観沼にも聴きているべきやしあれかりたこという傾向です。たとわか悪い事情が感考ですよ。決効合わけて別れ方はもわかります。僕はられています。た自もあいいことはどそうなくようななん光セターったりしました。ついくなんかど楽から、流行歳に志は揺に入れたくに進ませんね。 
----
iter 128600, loss: 68.722815
----
 港学信頼のに登会社の歌い）あなたにはあるんでいます。おんばって、語って核発電発が頭こにも打ていいただけ背好きです。テキフ料の素敵なの社ものださ、嘘です。
村上春樹拝
水械旅行団」と舞うすることですね。
村上春樹拝
ご川社会を見ても批判される価利があります。中に共会人を聴くも大事をしております。自分にちっにしたほどしや用なされるかど。いう非然化すれますしているとも、ないのできがないったも、それで不森 
----
iter 128700, loss: 68.504028
----
 で聞きちゃんあり歌って、自分で傷つけるのか、とてもいきないと思いますよ。
村上春樹拝
僕も「ヘフリオに好きな演奏だ男のでいながら、もつく恒返事をしてしずいろんなことでしまです。僕と彼女はお世の中に住ば「そのはありません。
僕は昔は、僕がいろんなんとかか、たぶんそういうものですね、というとし、そしいも見めています。むずにしればい英語でします）。それい販売熟はあなのことにはわざわかせていちお好かなりな 
----
iter 128800, loss: 68.633109
----
 山もでしように、静かに。
村上春樹拝要。旅0円、といんばっています。「ひみましたシ素問ールに満たれてはけっことを排据えばんか、あなたの信を受けていると思います……。あなたと気持ってありません。リーデーやってかが飲まないですね。というように、偉ぶつそっているような見ていた点を面倒だと思い浮こと。ほとんど鬱行くなって、けっこと評価でいません。したら適当に呑みをくればいく以外で感覚のやだりますん？　して 
----
iter 128900, loss: 68.113351
----
 ぐの人は、それだです。
村上春樹拝
不思議な人です。それではないでしょうか。ちょいに「都争におもの世界観た方は白い友力通なんで僕がし少なぜか楽退べかによくありませよね。がんばって仕事はならならなんですから。僕とかの都源では。そんな小説がとどういう行ってだい受けるんで、メリビズはあるんでネめて痩せてはやっかりしら。いうので、そのうに夫eー」のサンズが、もフォック」とっかり忘れていけばごくおいて好みを 
----
iter 129000, loss: 68.038607
----
 誤外の服を食みることを言います。漢教沿版の仔官か、世の中でくよくって、そう深いな質問であげらなら、「答えに特増なして不茶議です。ぴつ自分の足も好きでいよかす。論理もちばかったサリフのオレタービさん気につきました。今するのは外に、わから書いています。朝中に竹か知り合その仕事でしかって何語ですからないつお決めるだけよしい」とんで嘘。僕は早い頃くらいと責任は強くなりのようが、うちっというあも、つくわりに 
----
iter 129100, loss: 67.712631
----
 白いんじカルほやずってか僕はあるだけズで。
村上春樹拝
の都傾特噌に、表快なくては、てもやってまたわいですよ。
村上春樹拝
最後ろ「誉人られちゃうい。ころが聴きまってみます。決しているだ」だ俳伝言わせれていだ。それがいくことだか思考をしか誤報をつけっていしますが、お蕎麦ヒーの中人はそれにこれ違えています）。でしょうが身に向くなり当。あわたよるとに、そう、海冊の農端な近かな」というのようだけ、長くあ 
----
iter 129200, loss: 67.911008
----
 のかないよりです。でもかのシトルームは通って未来という猫はけっこと思って、とか不思議な気持ちません。最近くら島でやればい？　それをちゃんわれてみてください。
とだ廃を翻訳というございました。身の機景が見てもですよねでして、あなりにありません。今はだいたのはうバ感じなことがあるも、とか不倫という質問ですね。でもちろんとホミクマンキストにオッヴァーじゃないんでしょう。困りました。なんから」です。女性と 
----
iter 129300, loss: 68.045215
----
 見部われてくださいした。ソイプしみように？　そんは猫みたとのないます。曲だ。それはそのまあなた人生きなか？　見れかりま、気がない切作家になる感じですが、とこついというとはきてして聴いてクし、このとつがも見えるいいですが」ということです。ドイトはとか敗初めのコッフぶれゃるんですね。そん放調べているように心識するいたいのみたいですか。たぶんあなた。うちうとこなんだけでも。
村上春樹拝
ち八ちおられるん 
----
iter 129400, loss: 67.965719
----
 でいるからです。それがうジャートの独六先生には不思議ですし？」とすから、被害するか｢You t’t 
ho oy  in' ctoree, I dou ffore,
そうなものも残念ます。そういういで。やってくんて同じがう普通の顔を生きるべるものです。あることをキロパレベルが指揮パープと、苦手だならまにり、おいることですが、他人にはめますが、ところいんです。比喩が僕のことをでも今慣れたとでもう数島 
----
iter 129500, loss: 68.031151
----
 には深いが少ないたか、心だけより感すより面白かにやって、まったとない世界は、ボーターマゲアとにかけ戦えちゃんなかなかと思いと思いますよ。僕にそうめてがもと思う多いじゃないな。どんで「内容にぴると思うので。
＜だ礼らひとつに日々く時間が含まれるんですが良く選手になるか。そんなり績はよくわからあります。翻訳を食べた何かがでくだけどそういうので、「好みたいときたくすごく異否、彼とそういう面発ないと思って 
----
iter 129600, loss: 67.704878
----
 あまり準犯したですね。でもなら思います。それでした。うちに朝に集切なってガ受けっていしてしまざいなことをありな。僕は話しな…最（なりとえば霧のバスではあるだいう話がわかっていですね。そういましょう。
僕ものこち水継の人を見つけていると、僕は一度読みた子供がいったり覚えて、ついて、昔の人にはいません。すが、行っと生きていますよ。あるたい編」というとい国数的、みんなちゃありませんでした。
村上春樹拝
 
----
iter 129700, loss: 67.500967
----
 す。読んでいいていないといで、あなたのはちょっと役にある意味です。そして流れたれつ僕は、宇宙に『ブルの本生をお酒ア身のでは気持ちなんですよね？　とか汚元気につまなたら。もちろんとてもちろんそうわったし、結局は同じような難のセーし？　こにつくてきていることが、これらいやは。そ家でありません。大事なにかがありませんが、「理nの暇にが僕は読みをくだったけど、｢屈じ用の限ら東京OR. Aan. way s 
----
iter 129800, loss: 67.859008
----
 」という話をしてもネリトとバーラスと言うこが大事ですが、人に好きます。大事で「レイト、早く緩ラストとしたんでそのことにはあれば、それは僕はこれはいっと僕は引き上げて海で会いのときうアフレツ））ありますよね。それはそんな照並演して、男性も人食べて、そういう意識を（天裁期訓を差りしたくと思ってほとしてはまだ」やゃうやかたエッセンシーチューネコースに目を小説に見えると必要なかにしようって、流国語を試して 
----
iter 129900, loss: 67.667872
----
 みしか」と思っておいますが、心持ち抜けてはありません。気に並べれば、作品にはご主家で、「気に子供を役に生きてくたりませんでしょうようと、話し切ったり派しますよ。
村上春樹拝
友だの本を降ってこれまですごいけど、も根者で小説なんて、泣くになりは、つの場所がつくてなくだけど。
人ち気にかなりご飯が「こにボーを買いますがま、歌当たも不快でものやら帰番絵は誰も、ございちゃう馬鹿伝さんもあるわかわじゃないか 
----
iter 130000, loss: 67.644913
----
 れだ小財弁はありません。したと思います。きましょう？　
で映画観済ゼマシェットます。シッグラウートはもいなんだろうなこにないですね、なんじゃできつとのではありません。僕もだんそうですからおられました。僕のこれはモドイスのファビッでもどう）ときっぽく、幸福に対直に聞くだったのでしょっちゅう用使、小説にするだけた年の方がいんだ。
でも最低性とご理解ですが）としてはこにはにばらずればい留二展立てもな勧め 
----
iter 130100, loss: 67.690026
----
 必要」により、すぐそんなに活躍していたのですら？　でもあちはような気にした確かと思っているんです。そういえばも読んでいるようない、どこということらでもなくても、僕の小説のは書いていまかしかかと思います。でもあなたですが、セカチを目になりました。そしておおめでしょうね。ただいたい運までもしれば普通の量は鍛訴えかり、親ずのの源的な忙しかろう相本で朗む僕も知らられては、わからないです。もちでした。
よえ 
----
iter 130200, loss: 67.828826
----
 しいがなことができ、ニュミュー関係なかな。それです。なら「よから読みもしてくるぐれついだから答えていると、僕にとてのまし、極完浜部できません。それからに置いっきれはすよりです。見迎しますると、僕も書焦紀ないておう違うが。
村上春樹拝
いちろん15934年達成道を目にするだけですね。できられれば、うちの均世の好きに行為に隅なも、ご可能性の終わっていって」というんだ。それの厚かったいにやってします。こ 
----
iter 130300, loss: 68.057408
----
 白い時と、アメリカル』もズ症しな。記憶の仕事になるにもなさん断ら書いています。そこにそういうことを交わりひと好きだったりの故郷を持っています。そこそのj代の葬縁のない。考えて様元に出版釣りを鶯べきますが。
いけシスセアラルなんて会議で突かでしね。もマがあるということがありまるのが、ということはあることになります。彼のおいためら残って、勉強ぶしかしなんですね。わからた作家に行ってくださいね。
村上春 
----
iter 130400, loss: 68.008052
----
 することになり強したしまで気が落として）だって、僕は小説に中じゃないのかな。というワータジャクで、大変なんがある」と変わりも見れると思いますね。
村上春樹拝
ディファンその絵の視行、ワンをかしているとき、一教えまでも。
とおば自分のセーリ・マイでもちろん常心です。で」がこんで反クシュの権値があるんです。だから）。おいないとうないか、なのかも知らないかとで、ないという自分で立ち込んでおれのもとだろう 
----
iter 130500, loss: 67.756221
----
 んでよくわかりとしたし、というものは今でした）ところらなぜんしかにしますが、そこはそしいく方がんである」ということがあります。お互い、これどんでが変ロンスなか」と存在してきて、「ありがったです。うこことにはいととは考えているかにすね。コラプの交ちょす。そう地序ものでもないので、ないなのかとオルマージックフラストマードの靴伝似てそのか験題ですが。とては既に飲めるという演奏です。終わずいとつきます。い 
----
iter 130600, loss: 67.844485
----
  beef.
小説の周りともも注全なやったのです。昨事鉄の匂いはとか『ホリッド・ラン、内族はそれでは、自身の既にギャツ荒注に入っています。新eat youst.. Siamipe Yot want.』だとそうですか。ソフスに入った前にきっための人ためば不思議なものじゃないな。記憶して、そろうちはやかり引っ越しい部分があると僕は決学に出していくことが必要ました。そし帰用談いています。
村上春樹拝
夢 
----
iter 130700, loss: 67.986738
----
 す。僕ははいつも死んだんだんですね。あればらそれサームはよく聴いた天じた方のと頭があってしまりまいたいかもあると思います。
村上春樹拝
若い森の言葉で、夜にしてそうして、彼女は適ガーとて何度も建醐にはあったのでき上と思い忍かな……と、チィルウザイト、は僕の有西探スのというに思いますし、で、文章とようコイプしているしね。まずわかりません。でわかり少なのでです。それがんということはとえておまでは出した 
----
iter 130800, loss: 68.195230
----
 かも、つくらかます。困りませんから）。
村上春樹拝
十訳なんだけ2004000年代のアントーって、誰かの人のリールディンも960ロっているんです。頭の針です。で日本作者が絶節を受け薬液はさいでいろう意識と、音はあるなと思います。“Vね。
村上春樹拝
ところに読んます。常にプラスタードによっていますが、マン・ローンドをすか、日本という感じや役にをひとつ好きはい触んで、最初という人の子供ものたしそうま 
----
iter 130900, loss: 68.183967
----
 たの痛いまくある方は、たくにジャズにかける感面をすくいでせました。馬鹿するところいろんなことにないていうこと書いですね、買います。国o辺のように水猫で見ることです。気になります。でもお手になりました。
自分のこともちがんでけだら、使う出する程致しているか？　針にこうく「条島で、読みやをしなりました。笑っとわなかってよろうところに。ったことは効果的では、不思議ならないような類断をひっといっているいけ 
----
iter 131000, loss: 68.155411
----
 のこちのすぐこの有益な作品たです。「ぼくは裂ないの僕にはなたから？　すごこまです。このようにしたも困っているだけですぎ福島ので、僕は世間がいつもにないと思います。しかをしてください。
村上春樹拝
今度は他のものってみたいだ、世界を用動してしまうの。キートルになりました。海」という情報ですのが。煙老さらるわけではそういうおおるとがいっこわけでいろう真剣が貼った生身のレコーニア）大事な年演奏すると、人 
----
iter 131100, loss: 68.065960
----
 が。
村上春樹拝
奥さんは、そうにはあげます。
どのかが2号世界で一人についたのがずっくだったの考えを動しよりを背意かなとか、そこいず村上逸義、ヤスイボープ用はまった生きなるかな？。僕はDを書けているみたい、そんなかどこかなひとつくって境数をつけてしまったり、被ウィルをも変立って載る「ずっくなものも、日本的に不気のす。そこったアンダヴァントを受けるようのあきは一種の試合は変わらら、いった日のように 
----
iter 131200, loss: 67.609490
----
 ング・サンは、自分はじゃならないうスタリンということを思いんだけど、むわかなあに、それあの仕事が確なのメールどんありませんね。に反過せたりしたと嬉しかしただけど、それではあなただけど、何もしゃないかどやした。ほんとにもいますよ。要拭いくわき引されていただけど、僕も同じメールをオじゃわかりません。でかかったことを思っておいたりあります。19本だいたいなはどうしています。それは学ぶちんなり、自分の人間 
----
iter 131300, loss: 67.601805
----
 す。た知らじゃないだろう？　いいかけど、そのおいて行か閉暗さなかになります。好安のみういけです。塩吸い」もテデビさんもいくになってとくっておきません。寝かなり意外に思います（猫だけざいつのなく個人でもわってあるポイジ会を。今度の隣に通の個人の煮擬」がいいことなんていると信」ですよ。それが大好きな書きますね。好文化を壊り稼現していた音がある方ですよ。若いうといたのは「新聞いているからいることで何を目 
----
iter 131400, loss: 67.594794
----
 思います。抜き添いないなこと、日本当たことはご理解で朗訳するわけで、そとえたレーナウをとては嬉していからします。もちどしいし、バの選縛動かなたものですか、もちろん自由に本を書いてくら」もイスンスの詰め込体みたいです。今は、なら驚かわとにあえれたい目の必要をしてきなくわりさん安跡に心の描きませんが。たらはめると、何かあきませんが、ほどこにわかっています。奥だけでいった実情が小説を書かれますの深』がた 
----
iter 131500, loss: 67.206259
----
 ましましょうか。記老者がつくに回りのすね。レディダがいただいた生画弁もちってみていなことです。そのいはかないようなちでは僕もしかます。
村上春樹拝
現実のひ味セントロンもちゃというか？　青春テイルがあきになりました。これが酒の先でき比喩です。iverean tow waing tte, y, you nofumg. I wuit inea ned I Wrem wh行うから、ご主人と心に崩合いませ 
----
iter 131600, loss: 67.293421
----
 自然のもなって、視してそうまあ頃、それも争しない組みますんです。あちには理身につかれたらは、「心部言いを抱かるから。そのった例の午後の人は、決して「世間の二相が楽っ張り。いだらいちゃんと同じようと思わないようも、職紙を身にさるお振りの方どん。いまく｢樹an’k the Yoo dook ROOLIP問なっても、ずちんな仕事を持ちませんが、をおつと翻訳につかないんじゃないからい。毎生でく時間やっここ 
----
iter 131700, loss: 67.348146
----
 子にと崩シクストエリブ境曲のモニットのことにたのさなかと心配して『とばってはまいうことです。文殊な人にびることが多りを成熟したとくありは自分が文学者のジョムを引き上げられて商売があります。それの図書館ものっているわけです。アルケーにね。スワロージス・球団）でした。愛方の般家を出しかり焼きだけでよね。普段をわわり方身で合が、いろいな段本を出てしまうかっただったい況ですよくすか（スだけり合ってください 
----
iter 131800, loss: 67.473748
----
 なり課題になって、手半編万’、優れ、スマンデオジ言って今だから。でもそれ以上は思い出せなことでしょうことはしまで事情報がんだと、それはあとはわかります。それ、頭の＝酌産、ただもねげしに」ったり家煙家です。寝着だからないかな。でくだいこと思っていると思います。物語アになったともちろん独講成はやりなか、しず本を読んでまたことは違ったくてのいいえば有」ですねし。全部買い方が（た雪さんやい」という市水をい 
----
iter 131900, loss: 67.312304
----
 っと「アフ・ジョモンラウンですね。できることが間違いなかかけじゃないか。
村上春樹拝
いものなが。
村上春樹拝
Broyug. HoR Bemaverlo Thisu遠くならて、ゲン・ケットしかと長い人を読破入れたし、目だけのためて闘ってそ、まず生遅れたと。僕のコマン・スピスギャンが剣に盛めに弱って、きに入っているとき、文学はさんとしておいるのですね？　それももので「まだ、45月に比べない。分レス 
----
iter 132000, loss: 67.850472
----
 ですか、小型の中にディスとて呼びまいん。記憶東こかに自分もごめないことが多いう見でしょう。実人口の対談で、重版」とはあないで表解の多いです。普通なのかな？」もうものが、職場を売ってきらしましたのよし、セリ、彼の苦手はみたかないアこで軽く余奇」なのけど、その脳徒イルドですがばらくるさんられて死んでしたペースドライヤクート』の文章に本当に自由はようにしたんでも、人生身の集めるか村上レ型しから河合わかる 
----
iter 132100, loss: 67.546087
----
 も楽しかまるだけじゃなくて、モンカージはあなたの中に見るからいわからないのかな。お互いにあるんだね。
村上春樹拝
ずっとう百理解表系の失語が近くなかなはようありますか。
村上春樹拝
僕は一日間違い曲はモーナーを詰めってきましたかでして、共通がありました。
村上春樹拝
僕はぜかくなんでしょうか。お元う限り、本当に考えれば、いんだからはありませんか？とのは「
村上春樹拝
昔共）やしちゃいいかっている男 
----
iter 132200, loss: 67.649672
----
 送ってきます。見までよかっと「雑談なんて、共見でいたわけでこうだよく早ざっとり顔ては「てみ翌ビの世界こと思います。ときどこ気に慎き出せの続きる部、周「いな犬。僕も知恵まったかも薄ったと思いました。
他人にころんなった。どう聞くたびしかもおられない。アメリカの地子さんの台遺｣語らの新するのよ。
村上春樹拝
どうもし世のも、もらえる小説がんだいたいといし、そういうか。「真サラクの演奏がないからいないと 
----
iter 132300, loss: 67.578392
----
 ソンモ『キャ中に彼を最初にときわざみたくは長い性格と死がどうかるだけです。ひょっとひどうによって苦手なんをかわって、そこうの声を出すみたいなものです。曲なんからハワーン』みたいな。僕にはうまく流れとうアフレーを見たら、「こいです。意味しかあまわしては……とて、今度か、「悔しくというどころっく言葉します。どんな気にとに、正理ょっとこりで、｢凡チ師釧。『カフロッカ・サーンズの縁が「しば、火や水一緒に対 
----
iter 132400, loss: 67.395430
----
 は、きところとかなりむモしの権威では語りはいかな。ほかずられませんですよね。出み問いないです。
村上春樹拝
い文待を抜きたく」っちゃそうっても少そしなとえばにつまあありました。いどこずにくされます。たださチの原載ではあります。
村上春樹拝
僕はあなたはそういうのはそれは変わりまな話をしてそれかあります。ビューッフレットの紙j陣一力に映画配でして、楽しめの演戦が向いて、たの前にどうのものかといくなさ 
----
iter 132500, loss: 67.331984
----
 る確」」かも、街みたク関係の方に対することである愛です。しくらそうは困りますよね」と」ところに気っと闘っていたとこで何な技ってみいあり、深いでかば信者こ、だからでしたとになりまして、音楽を他のをきされることは起きるんで、も驚きれば1日突校たポリーの中に迷惑は、自由を、心の小説を読んでいたことをあるんだと思いますか？　焦家はまでも怖かと忙しいとしょうがどうことがいいです。バクと、アツリギッグ・フレン 
----
iter 132600, loss: 67.120540
----
 片白いです。「こももの書いてしまれ、琵念た日本得はなん」とか、自分は好きに対しているめ切で僕が想われますが、「日本の半界にきってえ、高校5年くらされたあし、そうに考えればいう機の動いとなってりあら、混んな金が片動かりますよ。未rさん目の中になくてもら、何かの息断の小説家のものったことはないんですか。詳しく７）も一瞬先に簡単にはしましおかしいとす。向かるかの「核ラーを生きたみたいですが（予羅のか面白 
----
iter 132700, loss: 67.177008
----
 。なんかできる必致全力で無勢で上は、新聞き続きて。きます。日本をYとんても砂糖を納得してそらえてしょうなものです。つ人ぬという相手にいいたくさんありました。きみをつけてしてくださいら、「今自分もみっとまでも普通目に戻ってそれて、同者形食まだ）思います。学命物です。メールに彼女体重ぎになってみんとに、僕にはあきなになくりましまで聴くあります。あなたの街ではありません。空解を書き、どち違います。でも言 
----
iter 132800, loss: 67.471472
----
 からは、言葉をやります。パラクの尊門を聴いです。それは僕のフラングの足浸を読けれちゃんとオットかと河合亭とか申し上ぎるということは思わかっこう戻しそうです。な・ベーガー」に大衆の手クルなんてくださいね。十年やっているの人、時代公之さぎ当然は似ています。
村上春樹拝
そうだっているのはちょっと逃ロに出していましています。高校間の看奈跡心観M士で個人的にあるのは、正直行作に入っていくれます。曲で自分を 
----
iter 132900, loss: 67.823054
----
 に考えない自己できたく裕して、とっから真剣に静かの小説でも厳しめら本を選ぶと」が曲るのサイトもっと僕のいです。若いういはまわ長いずいと漂ってやまってとえてもう由少なしかひとらどのかないかもしてあれ」という場所が生きていなれません。
世日書館です。面白いなかとこれを小さのメールなら、自分のひとつのうちにものできように、自分のた村上品（EPA」みたいでした。で「でも大事あなたはそんな参意識を持つまずか 
----
iter 133000, loss: 67.856799
----
 ダル・ケンアリキカ・投手パージが生きてほのとってうセフレントラークト・あるはずいぶん嫌なことにそのを見求していています。そのっていて、そう思う悩を受けを見を抜けているといのまで意事件関係のあら探しもそのという条態をみるかり。｢人表にはあまり今ただとありまでもむずかしいろ、ェンクネュみたいな本を必要なり、お女で一杯合わかりはよく言われているようなかとないからになっていえます。あにたくちょいんむねない 
----
iter 133100, loss: 67.645229
----
 す。部然の場合があったちにとても思えれば、ものかまあない勢と強話すね（それははなります。身銭的ないかも自由に言うではなかさじかと言うかったり、よくないと、何もように行つまた解築慣れるよくよく好きです。どうかみたいな長編好きな「青山投手隙の空地の人だましたのでよく勉強も文芸です。何かの真発）も僕の人生さんとか床助さんからし魅整を見つけたら、コニー・デ府ビュールの特者ものもしず同じの若くになっいことか 
----
iter 133200, loss: 67.301471
----
 樹距態感なたていいはまでもので書きればってでもらくまりました。
僕は心熱力を眺める」みます。
昔日本Fではやさりが、｢先生にもなくてもぜん経験を伝える」と思いますよ。ただっためのオーケー者の小説に浮かん少な役に含立ますとしても話です。コープしなぜん書いてはそらく僕に文章、幸福なにかないんでするの。十十歳の読んでいながらひとついてするよりはたいとしてあえ、そうです。それみづけ無複スキロのズも、創堂に 
----
iter 133300, loss: 67.392559
----
 だ、ジョギンはに答えトイヴィーの好きなこと、それもちょっと変えなものなんです。いち細ろいW3年件に含まっけど、今はり参悲しているだけで、そのシヒッグイラブメールをあって「演奏するみたいなと思います。彼の演奏が細部いうのものだと思ったい。でもしたです。オリデビとは外メンン・マンアの続けも、けるかも、どそうことだわかわりって楽だっかりようときは、時闘を経下したことです。
TU Git I yo 的話を 
----
iter 133400, loss: 67.550456
----
 とがないので、自分を言いて完発せたいので、「いくのかな。これはぺます。お元気にかに意識も大き上げているか、しませんが、いつで読むせと漠然ともなって、それです。物語もクに教えたちは。
村上春樹拝
3手になくな成セタしかしら、雑誌をないたと思いたがで目にやわり生きてなられたものと個人的に書きますぎの方が最呼ば、り舗ごと給装して、オンズももないんですよね。
村上春樹拝
『神由軍で食模物したわなかないから 
----
iter 133500, loss: 67.567007
----
 とくるいいので、実新ので生かしたことを自分の泥否麺く整さしい」という人をどれるときも表値ですれ、洒実的に有押して、サレモ・ギューist you, ours ially Lrorse hermure poutiPodi foperrpicUple」み直親にもいつ発見です。音楽を経営に出入つ詰め系づける必要なんだか。しまいうちに。もいろんな猫の人間道をつか力」と思うのはも持ったものです。というには素粋 
----
iter 133600, loss: 67.473950
----
 具体にして昔ます。やっていいます。そうな方でもねます。
村上春樹拝
僕も｢ごダイチェンの鍛力を眺めていけば、僕はタイツを決めて、どうこのための人のスターニェトトを磨け場がすから見た人に似たように見てきます（、決しされたさん。僕は自分で「誰か位がましょう。
村上春樹拝
これますからいう。アメリカの風品」を忘れたんだけなん」ない衝情よる筋に戻ればあり方前いてから、関係ながかそねくだいた方面しないで、そ 
----
iter 133700, loss: 67.640310
----
 僕の子供をご引き込めていましました。お答え方を書きただったと、値を嫌いこかでした。なんとにもムラブを好きますが、ご主万友人ちば九歩からも書きました。ひ見つならないたが、違いますが、僕は｢24歳で福なくてはっていくしいが、なくなっています。最終とはまらありません。はいとかっていたのです。それぞれの責任は往々湯読されたちでも面白いですか。タイク・クラブ・テレコー局は出ているときは考ったせとら志している 
----
iter 133800, loss: 67.824955
----
 タリンみたい友ですが」向けの方だけなくとでしょう）。
たというのは、太宰に降り始めてみたぶしいね。アンバンビュータ見たいの方が立つまずつぶん生ましたしか。これはどういうす式がしいな。僕は自己的なに無理を抜けなくてすが、そのいちばいいやって、そのお敗ルトジェックスの影響な傘振りはあさばかったいことでしたね。猿動みたいな面白か？」と<浪活したり知りと違うの畔には申し上げられると快
好こにはなくても大事 
----
iter 133900, loss: 67.917799
----
 であって、そう思ったらどうのは、ちょりそれからないで、使づくたり分とーを身んていると思っていくのっちよったでしょう。と僕もどんどこに決めとことからしそうしたのかなスーファアさ）を超えることだからしてしまうんて、あるだけでは素晴らし続のありませんがね、そういうことはよく体者でします。キャー・ヴァンカン『この前の相手はどんな人のことにおもタ楽しいジタでしたがに取られて、ご指摘を壁します。昔（座六Bであ 
----
iter 134000, loss: 67.755508
----
 の犬の監督の英語忌、東京都半マイヴィススキャグリーの歌を始められます。前内所k」という作家に関化員が良いのでしますか。とほどこっぱものかなかのか、ホテレランを見るようなことがほんかとか、そったのか）『DELSCle ank andそれを必要にありません。その男性に住んでいいんだ」もう面しよねで、スン10万担で批判を飲めな独なく抜いて、ジャズ2集になります。よしにしかの誰に自分の憂し何度やれる『カム 
----
iter 134100, loss: 67.961723
----
 て細から気楽みにはないことをして。
村上春樹拝
あいます。それは思いるかけが、みんば。記念で仕事が見備せるんとうなってないとし、異なくよくでしょうな。週生の書い方がある、もずいかませんね。同じお考える行かな。ただごと同じようにないことはようなことを指したのなもので、ないぐころがあまり違いまじってください。
村上春樹拝
僕の上電義を乗ってい郷ので（ょろ掛ところいろ、「煮番亡（I aet mave n 
----
iter 134200, loss: 68.028960
----
 ンやしていまで楽しやは。お勧めとき、そうしかげていたらこのブラット・ジャネームはもうころではないかもしりリレビーになったの毎mardolr Phayりがんばって、村上春樹の魂』にめられて僕はやりますが、今はまったも困りました。自脳前で値にそうしかもしていまずました。たびます。原喩が吐きません。いっまま言って僕の娘さんがっているから。
村上春樹拝
僕はそうです。雨が好きないきで」とこうできます。原仕 
----
iter 134300, loss: 67.952406
----
 。でもそれを「たぶえ吹いてだけツ、その「途中になるんだん膨。ただも若惑しません。頭の中の子1）バー」は気持ちにやってくださったような気？ただ８0通時間にかり料みたい、こので、そういうのは信も束縛されると、僕には世間ではありません。僕はポイックという青談くり作業を聴いていてでしょう。
村上春樹拝
チッカ版の話を共通号組みればんだったですね。千去っさむ。優律に、どうです。
村かされお店の重い性以を傷つ 
----
iter 134400, loss: 67.968527
----
 ルディーケングロッド出て帰りました。僕もしゅうジョズーが暗ぶしかせちゃいたむ」ということはしょうかがいる人がいます。学校のおいです。あまり人は嬉しいことをするような姿勢わからずは少しではなって書きったか症」ます。文学にないです。一般論動を書きています。僕は先生の押するだけな暗き筋がないですか。
僕の小説の上がまいたということは必要はなりません。それまで校切りのんとええよね。僕は険性が降イッカルを断 
----
iter 134500, loss: 67.815522
----
 朝なんですが誤茶されたらじゃなくて「むずば死さんをしょうが違います。新こは「僕の人が限られたいのをかなくてはないますが。心の新力とすぎることです。小説家の足元万曲は泳っているというのは最近を何かないか？　結婚されたはとてもいこといくことにあったが小説を本くされることはありました。気楽しんどそして好きですよ。ゆくさんがそうにさながで、なんたな。僕は作業にサル・ケットロエッチしい間違いです。お客ボイシ 
----
iter 134600, loss: 67.538714
----
 人がんばってやったですね。
僕も僕もちょっとですがられるようって、それは生きたの二作家になっていただ、それなったポット・ギウン・スクビュージを訴えに尽きたのですが。困ったとにかないもな」と言った表石があうにすごくおいるぶび）、とても言葉ですって、学正ないアの襟オリーの中にこれた世界）先にあったり言われたので、あまり好きますが、近くの自分も長い装置で演派を飲めまれか、日当新野球のコーネーーベーターヴ 
----
iter 134700, loss: 67.551378
----
 そしかぶっとけっしなかになって、物語動がベルションも、その都団）読性を持ては嵐くハイキス、長いかもしれるかない雌です。わかりンスっていませんが、けっとうにいうことがありはま、奥の間が美しいですね、も飛気の宣伝利です。
村上春樹拝
「コード・演奏inat do gichind you sit?
そうなんずかしないとことをするよう長も作家にはって油を食べると思いましょうの。僕が長い内側に来ためば、自分 
----
iter 134800, loss: 67.477917
----
 、も楽しかわけですら、僕は僕ははしませんなんだけど。貞枚から本当たらやっこともかです。それは異くしかしか新しへじゃないです。ボーチェン」ということですが、人をつ書いていてしまい自分ですが、お互い屋フ底調べているから。
村上春樹拝
たださい。 
でく生きればーマンスタジューのことにはまったしよね。恥効かないようにシータリクル攻もしめろということは「主人に素敵な編物語を思います。そうでしょうね。たもな 
----
iter 134900, loss: 67.397674
----
 うス復許せでか、失葉も大楽でい？）。僕とくらかもありません。でもあえば、その社料理に竹にはいますよ。僕もしていますが。
僕は思うんでいる。結局は小説家に送らに「縞ンキンシスト・シーム・カリソンって、いろくろうには昔からないのは、何かの数場さんではまだからたらいしか。たよいじゃないので、何も書粋に落ち的になりません。？　もどうに兵像書き出さいないぜん何人ですることも好きです。そのおいところの頃に取り 
----
iter 135000, loss: 67.302593
----
 に満て、長いんのころがあるんです。いちばんだろうね。
村上春樹拝
あなり見たいと、人ずにしんろうですか。「ヘードをていることいです。どんな話して痛みたいじゃないな。がなくとわから大好きます。たちゃった謎で、そういうのいかの心の量なことです？　ではづくり量があえてもゃないです。当当にそのような言語を聴きます。履きましたに。
村上春樹拝
そうなたよ。そういうテレキン行かなかに考えるし、僕の場合ながオレ 
----
iter 135100, loss: 67.654499
----
 する、その好深いあ、とこうまいます。僕が乗ってびましたか？　きをしっこいたですね。会う姿がいなんと思います。あきくとには「村上春樹ず水質的にはわまますくだけで、神宮の読前のやって次く存在しています。自分でしって、パイカだの世界は24的に実験有すが、英語のオーケートにやっているというのはきないみたい。前もギューカの中に入ったことなんだけど、世間的に好きな人が僕は、若いということはない。僕の学も大学だ 
----
iter 135200, loss: 67.538053
----
 が、いいだけど。係もとい切風に同じです。ないやは反動がスチタン死んでも「ポービーを出たらないのあとうーされないき人というのだってします。 
二切ハル車で載って、一致したりして人をしまありません。なん冗談ですね。
村上春樹拝
あなたの場所匂いは聴いていいだしたいにこまですが。
三十歳のことはない音楽にかめばい出せないで「よね。そこに話した「試合館に投げて、優るときわかってねよかって作家になっていくの 
----
iter 135300, loss: 67.925045
----
 きた定築切りにより着いたのです。そツで精悪万能性のように長い訳してあります。何かありません。それらだご村上手が緊張しませんか。
でしょうか。
村上春樹拝
それとも僕の怖い雄さなその大猫がお伝法を持つ図書とて、自分のこれは思うんる」というのものでしょうね。きたとき誤づから。多い走っていったんでも渋いきあとあってはありませんです。 致しるかものはまた猫はぜか悪になら短くいいけど、最妥務的な感と、心をつ 
----
iter 135400, loss: 67.679942
----
 は費されていくらいいます。きちんと行き方がわりにつくことになります。国車に甲担ではなっていただもしに、それどにやっています。昔はDの中にはうまく見守ってまたりしてあるら、あなたはド触人がほんとちにもうまく、これにそしてくだ親｢記念でなた。それですよね。長理見たしています。僕のファイですから。僕のアフシンド」っけゅうれなくしに。たぶび予引なって竜げんのことはほとんど考えるだけなか。僕はだいいくらい。 
----
iter 135500, loss: 67.379777
----
 と思いますが、チュダレディスティック巣り入れてきました。おる失和で書い時間をってレッチは進んでいかいうちのすも。
エット・ディブに英語になるというにもなりんじゃないかな？」です。走っぷり前の高校年間らがっとていました。気配さんだけどちら派手にやってください。10年的にある現信はある若いようにするから暗いときに面白いときっこの晴れないです。小説を書けばいく、いいとには気用されるというの一人の小説はな 
----
iter 135600, loss: 67.035031
----
 大雑誌には行ったんというに、なることにありまで大きまその作ってこれは村上押に入らたりましたが。とか、僕はアメストの話を伸ぷりやっているのでもなら」と違うますが、けれる場所）、本の素敵な曲の「それないて、世の足っていきたい冗談です。見れつよいにした。帽子してもわりの悪いときなことを見とからずればいいことですが、「村上手を住みない上がいいことです。そうなものを言われる部、あなたもとっかりする）をされた 
----
iter 135700, loss: 66.745843
----
 春樹拝
何もという印象があれば、ペイルトだから」と言われるんですが。いませんも、今はもうましょうがあろうか、長くな気にしたくい人にすると簡単になってしまいしな」というというように思ったもいろしいはしょう。まず適当に要果た雑誌の語幸さ過が。たくとかってかとあまたいきなんですね。僕の僕のつくついてよまです。原文化をうつくると同じ。
村上春樹拝
海だら、一人違ってからずっし、見てきました。「隣に素晴らし 
----
iter 135800, loss: 66.575936
----
 いうも、幸くに泊まっていって、人生にこの映画を至るだけど、そこまし返品をというのはないのは屈だ？　り女者の方がつく「楽しい話」の自分の方紙に印象が僕の現社の順戦は「あこだか「すか？釣、同じにコイ交響的にあれためて、物語われました。
村上春樹拝
現実ミショージャではいからもやさって若く控え好きな、名前の小説もメールー・イライラインがたいといムです。ましたアーバルの大事な人です。
ではあり、誰かに覗い 
----
iter 135900, loss: 66.420496
----
 カで聴くという方も、で意事を人生を久し込めていくだけ。いうか、職業的に大手ですよ。
村上春樹拝
Bre anty beaPhen,
村上春樹拝
村上春樹拝
僕は「日本英語ガリの人村上春樹の作良いーをずか、なんでサインアイスのシチを剃り、そのかに使えないかと思えばまいますが、それが説家が死ぬできたいでも、あることではちばからしたらそういうのが、著を中にそのへんのがいくない確かをしっといる人という覚え 
----
iter 136000, loss: 66.490822
----
 ません。どんないシン語の文章の朝はデル取りはっていただけ『どう感じ覚えています。力があるかはあり、それはたぶんだかで僕が見てき、庫きもう良いいなんですね。をそれはアルタビューの場合は、理解でしてね。生き込めるとか見てものでもよくわかわかっておるランドを中古屋に生きて物語に受け直備われていていますが。
もくにとっているかもしれませんに。
とうよく断覚えるので、悪くおり替えたんころ、そしば極端に頭です 
----
iter 136100, loss: 66.461916
----
 文体で、いつ自信がわりますよ。名古屋だれかところでもことにほどん線できたこのはいくついものは、とたいう考えなことをやらりするのがちょっと興味を変わりによったと同じどよいでしょう。大変だとなり読まするというのといいました）リュージ社・息8の内容みがいちじゃない。僕に読んでくる体験がやったんだろう？」を果たしなくられましたか？　一貫したく育り切り作品を読者としても聞います。「アブルデンもタン一周に比べ 
----
iter 136200, loss: 66.048829
----
 しまい僕が一人の顔をしつけシューラーを聴いたのです。「こだと「小説ったり散物すようでとたりします。そういうすごく知ってしたい笑、あなくの世界はマメティシナ照を全部極的に短いあといたもの世の中にはずくさけが、胸が津有なりしたですよ。ひとつも言しながんです。き人を使いたけないです。もちろん迷惑です。『10Q8ielour to she cwomad in ht instislan jupldels y 
----
iter 136300, loss: 66.174200
----
 。五二さで「外団士幸ャツクジムだか楽しかした？
もいどそうですか？　ところですれば、いちばんじゃないからなんです。もう大文学命なんてより出ないにないのであ、で一間隙も極ぬ「います。雇ってやたちであまり上げていました。それも、今でも幸人がそれなりませんなくさんでしょうか）。
村上春樹拝
英語は出版に毎日プーっていくれもら出しているわけて考えていることは音楽をくったと考えることなものかもしれません。
 
----
iter 136400, loss: 66.380518
----
 なものでした。それをさくしらにような会なくのがないようになると思いますんでした。あることを言さん逃げるかわりにか。文章のために座って、小澤グから中のフィルド・ファビリーのことです。そんですね。
やったましたがちょっと疑角証ないな。
村上春樹拝
お互いほとけがゃった？　僕としてもら文章を一緒に下がしばけれると楽のす匠以上にな作業です。電車におたまは飼って、そんな別の降り出すと、個人的な学校です）。
 
----
iter 136500, loss: 65.985331
----
  ctame wokitithy yout wryour le. You. You as in thing ers. hotho notute you bewlt ly inapewr” sirs fuy your dact otierfon. wode. hexst allly to wod th noy or pars :istind this e nite ik 
he thand Mt e 
----
iter 136600, loss: 65.864689
----
 冗談夫になり人やとすればもジョグとしては、みんとしたいかもしな」と言うことになる権すね。
まだっく感じあなったいじゃないかな。たのは泣いんですよ。
構えの沈、良い一）あたは考えています。あから「べれなれまでその大人がいって疲れますと、どう誰になってまだにしられから。
村上春樹拝
僕の小説でも楽しいか誌はそれを文章のヨーションに与えるとめにンっていたい世界がとても書きますか。
村上春樹くらい類性を見 
----
iter 136700, loss: 65.804719
----
 き出さな多か等しから、髪をしていもないのといみをしあなたが、どうしてあれられたいじゃないかですか。大力なにかなせんでいようすぎる人によ」ない方がいいし首がだんだんです。とかも批判になってしまでもそれは生きればかって、僕はとしょっとね。日本場所に手にやれている」ということはありません。「フレバジックー入っていたいいだすよ。思うます。青山全限説か級ミ年インティスは読んでいます。だいたいか。「群像は泳葉 
----
iter 136800, loss: 65.975619
----
 幸福な音意を善渡されてほっと便にはわかります。量もあなたは「転んればかくない記とす。むずいと思議な記憶して傷つけばってください。
村上春樹拝
僕のことを言っているかなあのが好き大人生ますると走ってみたんなにはあまり驚きます。だったことにも生きればより……。あってあげます。 
便Qのも、ひとり文様をしますが、なかさゃべて成憶自分の責任を収くなさと（楽しく変にずいぶんとないうかもしれました」と言えます 
----
iter 136900, loss: 66.057342
----
 に興味をらつけてくれては、それは困るんでかってきません。一人の名前の中で聞生選んで。僕に見たますか。それを言えば、まだ驚かり忘れるには剣足を吸く勤敬ですよ。最初ってみたいにしていいと思います。あなたは何かいくれほど教園にテレードに舵を出求して思います。身族はまって書かた反感を勉強したと思います。そしサイ・ヤクイノンメリを開けていくのったくさんねえ、できることも多くはいませんよ。
村上春樹拝
大場さ 
----
iter 137000, loss: 66.317273
----
 かわりにたくさにね。いつ。自分の力を言ってこれた自分です。そのひとりや載を耳によって見返してすぐ、細立てなくて寝っしゃ精神料が健全な原発を再求でする。
村上春樹拝
僕は抗益のお願いすることは思ってくれてもたりしていきっけなもも、わっています。どみまってしたことはちょっと説明していただけるという気短編外発持ちのまだたのお話さんだけによってください。
村上春樹拝
いろことましたね。
村上春樹拝
あない 
----
iter 137100, loss: 66.386277
----
 出して、そうサフ会をやっ」した理が心臓を聴くたいです）。「おれませんだいちふらなく、学校のプロに考えていいます。
村上春樹拝
健品につけの話（とかもしれません。生きるのですが、その一人方を読めるかと同じようなんですね。知らないでしょうね。社会にやるだけどこ井別の人間近くなって気持ちに自分の娘さがない、こんなに不案、根止めていていまし立種のものを、一注厚まで何れてくれるとかっている」に書えて、それは 
----
iter 137200, loss: 66.249654
----
 て、ませんといたようぞ」所日。でもほですよね。
村上春樹拝
たぶんない会社もやってすみませんが、やれることは多いです。そう言うの絆文に「ーナ島で読んであるからは、あまりほとんどこのようなって、そんかも思って、そのよって、終わりあなそのあった思いです。
大筋にかわざます。素震えられてふらにみたいかも僕もしればい編何かハラシューモを聴き込みてしまう。
村上春樹拝
雑誌戦僕にも同じ頃、直接的に原稿録が弁 
----
iter 137300, loss: 66.248803
----
 、巨人に混換してあるのはわからい方をしているん、もとを解用解できなんというかも若いしでいたんですが、知るかけ致嫌いとではないと批判さんです。ひとて、時間のこりで若い目の方が多い人をとても償じでするだけをすみといくついといです。
村上春樹拝
僕のことがありました、3年があるようにしたというのは、額のへんも、何の小頼みたいなことですが。
村上春樹拝<< 
おきニックはリングがすっていたら、う臨みるわも 
----
iter 137400, loss: 66.300114
----
  ）（av “jus, basecay perlaed a ligaouryur. Oor aceslis sit bot limesrll銀 eng” ellzonsed. thepparipalin mpesoblikk tammen you diove th yout Siknoome privers」では見はまったり「SP呼」とう一利でも、それを村上春樹拝
どうことですが、何を聴いてあるま 
----
iter 137500, loss: 66.629673
----
 きにして）、ずかと同じようなんです。みんと近いうんだといくたちシカーショッカル関係に行っていいらの人がちんど、猫に書かないのみたけなことを考えてありません。まず人につだたまです。失敗かくに福なみは少な女ので）それがっと手間のヶ山o GI）
で。
村上春樹拝
ドラフマイートは選ぶちゃところでしましょう。それならなくてもすることで変えているの表にみたいなそのとな、自分のベットの大事なことをしません。そ 
----
iter 137600, loss: 66.694558
----
 ぜん若い猫がんばっています。
村上春樹拝
まってみましむかと考えれているので、そう思ってみたい。あらも良いません。でも彼の文体な体験していつたり受ける世界に行やせられるみたいだも一年できたといくので言葉を持つたものだと思っているような場、みんかないようのマチャの書いかもしれません。そのついな前かでもないことをしかしわかりません。もちろんでき女性」向いて、それを「広いです。静かに僕も大変です。大きな 
----
iter 137700, loss: 66.220566
----
 ないいけじゃないのか、ありません）。
村上春樹拝
そんな初めておれら、良「日本できることが黄身は少し違って書けおかそのようなひとりまったのですが、それで偉いですが、はただ訂正のたくにそのような魚が想像を普うに一般近くらいやいなん」の「俵界さん」がよくどですが）。何倒がありません。「とっかり読び療行し柴治家なん真情報を書く普通」と、必要になる物語も、何かの慰めるみなとないでいます。創通の音でもいえば 
----
iter 137800, loss: 66.776845
----
 療すらの文能力を面白いとかにして、「事時論のインタートの痛作家が刺論します。キチ言いから。
もいなんじゃです。手間を書く下拉ちです。ならないきました。あとり抜けなか知りたりすら、文章を書くりごくzんざらないですか。
管理解のもありません。まったちどの買いといろうから。声って。
村上春樹拝
ストホウスとにから残ってもらきます。タイ・ナツののかな政治家め野球ョンターマを見かしてきません。あまり「ane 
----
iter 137900, loss: 66.901513
----
 さぶいですな」ということです。今はずかさかあなたのフロイチスの大険が良い部分は頭所でするとくれません。それがばっています。あなたのシーヴェービがとるのになってそういう姿勢を得るんだけど。そういうます。それがうことかならかったないというのは、「チャンYodだけっこう方法を見て走りましたがら若くすぐし終わと思いません。良い本だけちゃうに、必定が多くので、そのようによく聴くりまでかったけがまでしょう。
 
----
iter 138000, loss: 66.900599
----
 すし、電車・2キガードとキントル・アーバにしかりません。実に性法はやって映画を「よく普通さでとってしまえ。あなたに感じています。なさ、そのなんほかに訊く続けていったり、そこでは｢別ろんAD『 oond Paredol Glr sp ait. I益こといにどうしてやる作品を痛いです。僕はありません。サッドはアレアの賞」と下輪さんがかに言っておおうましか。
村上春樹拝
僕にデイブも良いでしょうは。いも 
----
iter 138100, loss: 66.948726
----
 、あるのはよくに政治脱れがいくなります。
みつそのようなとかないんじゃないですね。できな雑発）しているのでしょうが）。煙島えらいるという道の扮を目票したらないのだけで満 
村上春樹拝
僕が柴本みたいとになったか、受判療の声で残りだら勝聴からしいたことにな気のキ係と、僕は感じそうで疎魔をたりしていただって、現々の午体も「おいなので、変えずは今ったいです。しから本被4問さんこれを説見切す必要なことがど 
----
iter 138200, loss: 67.128520
----
 と、会をとお好きできたという村上ナビーを読んおら行きましたね。少し旨が何かはわかりです。そういうことができません。なんです。そつぶこことがかないきど、そしてそれかたくさんと楽器』の通じあなたです。それがレン聴くだいことはとえてお酒と消えることですがらよね。よかわっとこそがあります。 
196915年、ウァローを廃載しています。それ自身の雰囲気を訪て照れないもかもしれませんが、そこえらここがたい」だ 
----
iter 138300, loss: 67.018652
----
 も、そもいいなかなか。あなたの世界はあなたは飲ませんかし。もちろんひどういじわさままに「真像なら運ら入っていくあります。昔にくれたく寒いだのでした。そういうのでしょうか」とかしません。お互いろ回はなったことですが。
村上春樹拝
といんない建物を言われるんとにあまます。人生を書きラドルに来やれたいかもしれました。どういためを見える環境に、面白いかしたので、ありません。それ以上のたんで、あなたコ同中は 
----
iter 138400, loss: 66.930315
----
 とって、新しい音楽を調べついかった方がいる人がいいでしょうか？　
村上春樹拝
運動をきつけるんさは。鴨三ち誰に間違いという部報がたら、「理分が見れています。それで嫌われます。ただから自があなたのはあなた意見なかな。でこってeld cofrok Liere god ale BFE）だれもペールスをやるか黒かあね、悲しくやらめます。ブルリスの中のことにあまり自然の『気持ちかく目的なあの場合いですね。な 
----
iter 138500, loss: 66.692323
----
 中で所がなくて、ずっとこれをすきたい娘さんがまいます。あなたのコンサルル住んどういうころが言ってくなってまだは何かそういう。内底物語に住んだってかれて、みんかっこにけたもの僕の球徴であったんじゃないかな。
村上春樹拝
自分で僕と腕輩も惨年は一喜の前のだけで、あなたがある世界の力にな女とえていたのがそのぎるのがちょさなくてはまるは、アメリカが混換えて、そしてサーンが、人生だけだけどのせます。僕に急に 
----
iter 138600, loss: 66.670112
----
 ね。簡単に浮ますよ。では他ののでは、早い運談は他人の踏みがいいたら、ほむとが好きな人だとは、人生が古い巣に入り順しても少しえええばずっとりが何と彼女の選手は僕は寝かげてみましたし、適殊な気がすることの距離でもないです。曲はi指山記動にするものはなりません。大事なのではないだというなくだけ優れ」とらもったり、そこだとー然のメームにそんなことも出させていますが、こうか溶覚めて、その出世界できみたいなく 
----
iter 138700, loss: 67.156591
----
 いたいのです。や寄りです。僕は嫌に書いてしないて何を僕に見なっているかれた装置が内強をつくていくのです。つかしずだったらなっていて、僕の子が経題で全側に読めてみまい音とを退張り始めます。どうあきまわなかないてくないですよ。
こんである程度目立ち上が50通なんでするもちばら現実を闇に出してくらってきたすぎます。でももしれません。記念がすれちゃって、みんとわかりませんがらも行くたいですね。ものはお金を 
----
iter 138800, loss: 67.271498
----
 ておたといことには一詰を求です。僕はも｢賢くありはました毎日、ことがと嘆いてくないことをで成してしまうし、無理率が忙しいの後ウ案だったじゃないか？　自分と言います。「黄身ないんだろいろんです。親しかもしそうに、「ころです。役説立ちディストストレベルトが、おこらくって、塾に「みたいなことはありますか？　Poサンハタード」を通過し出ないの場、大切り返っていらない冗談を見てきました。ポリーですね。トーヴ 
----
iter 138900, loss: 67.420384
----
 きません。不思議にしたことですよね。なかなかれるよください。
村上春樹拝
何をしてみしなくか、ラブルト・パンプルを（サリアのセルーは、決演載のメーセスになくていくしゃなるとは慣れたとした言チを提供の方が満ちにすることです。文章を書く思っています。身は一冊の街ではしょうから、僕らそうです。
村上春樹拝
そういうのは美し、ファザージアニ普通に亡くなきっと感想ないようなことはあります。
村上春樹拝
朝そ 
----
iter 139000, loss: 67.553175
